<?xml version="1.0" encoding="UTF-8"?>
<!-- Generated by org.testng.reporters.JUnitReportReporter -->
<testsuite skipped="0" hostname="ABDULs-MacBook-Pro.local" name="AppiumLearnings.MobileAutomation.AppiumBasics" tests="1" failures="0" timestamp="24 Dec 2023 13:14:06 GMT" time="0.007" errors="0">
  <testcase name="AppiumTest" time="0.007" classname="AppiumLearnings.MobileAutomation.AppiumBasics"/>
</testsuite> <!-- AppiumLearnings.MobileAutomation.AppiumBasics -->
